{"/home/dtncordova/Desktop/bootcamp-go-stack/goBarber-backend/src/modules/appointments/services/CreateAppointmentService.ts": {"path":"/home/dtncordova/Desktop/bootcamp-go-stack/goBarber-backend/src/modules/appointments/services/CreateAppointmentService.ts","statementMap":{"0":{"start":{"line":1,"column":0},"end":{"line":1,"column":39}},"1":{"start":{"line":2,"column":0},"end":{"line":2,"column":47}},"2":{"start":{"line":12,"column":0},"end":{"line":12,"column":null}},"3":{"start":{"line":13,"column":24},"end":{"line":13,"column":71}},"4":{"start":{"line":15,"column":17},"end":{"line":35,"column":null}},"5":{"start":{"line":16,"column":8},"end":{"line":16,"column":19}},"6":{"start":{"line":17,"column":8},"end":{"line":17,"column":12}},"7":{"start":{"line":19,"column":14},"end":{"line":19,"column":50}},"8":{"start":{"line":21,"column":42},"end":{"line":23,"column":null}},"9":{"start":{"line":21,"column":14},"end":{"line":23,"column":null}},"10":{"start":{"line":25,"column":8},"end":{"line":27,"column":null}},"11":{"start":{"line":26,"column":12},"end":{"line":26,"column":69}},"12":{"start":{"line":29,"column":28},"end":{"line":32,"column":null}},"13":{"start":{"line":29,"column":14},"end":{"line":32,"column":null}},"14":{"start":{"line":34,"column":8},"end":{"line":34,"column":27}},"15":{"start":{"line":36,"column":0},"end":{"line":36,"column":null}},"16":{"start":{"line":38,"column":0},"end":{"line":38,"column":40}}},"fnMap":{"0":{"name":"(anonymous_14)","decl":{"start":{"line":12,"column":0},"end":{"line":12,"column":null}},"loc":{"start":{"line":12,"column":0},"end":{"line":36,"column":null}}},"1":{"name":"CreateTransactionService","decl":{"start":{"line":13,"column":4},"end":{"line":13,"column":24}},"loc":{"start":{"line":13,"column":71},"end":{"line":13,"column":75}}},"2":{"name":"(anonymous_16)","decl":{"start":{"line":15,"column":4},"end":{"line":15,"column":17}},"loc":{"start":{"line":18,"column":15},"end":{"line":35,"column":null}}}},"branchMap":{"0":{"loc":{"start":{"line":25,"column":8},"end":{"line":27,"column":null}},"type":"if","locations":[{"start":{"line":25,"column":8},"end":{"line":27,"column":null}},{"start":{"line":25,"column":8},"end":{"line":27,"column":null}}]}},"s":{"0":0,"1":0,"2":0,"3":0,"4":0,"5":0,"6":0,"7":0,"8":0,"9":0,"10":0,"11":0,"12":0,"13":0,"14":0,"15":0,"16":0},"f":{"0":0,"1":0,"2":0},"b":{"0":[0,0]}}
,"/home/dtncordova/Desktop/bootcamp-go-stack/goBarber-backend/src/modules/users/services/AuthenticateUserService.ts": {"path":"/home/dtncordova/Desktop/bootcamp-go-stack/goBarber-backend/src/modules/users/services/AuthenticateUserService.ts","statementMap":{"0":{"start":{"line":1,"column":0},"end":{"line":1,"column":35}},"1":{"start":{"line":2,"column":0},"end":{"line":2,"column":36}},"2":{"start":{"line":4,"column":0},"end":{"line":4,"column":38}},"3":{"start":{"line":6,"column":0},"end":{"line":6,"column":47}},"4":{"start":{"line":19,"column":0},"end":{"line":19,"column":null}},"5":{"start":{"line":20,"column":24},"end":{"line":20,"column":56}},"6":{"start":{"line":22,"column":17},"end":{"line":46,"column":null}},"7":{"start":{"line":23,"column":8},"end":{"line":23,"column":13}},"8":{"start":{"line":24,"column":8},"end":{"line":24,"column":16}},"9":{"start":{"line":26,"column":21},"end":{"line":26,"column":null}},"10":{"start":{"line":26,"column":14},"end":{"line":26,"column":null}},"11":{"start":{"line":28,"column":8},"end":{"line":30,"column":null}},"12":{"start":{"line":29,"column":12},"end":{"line":29,"column":76}},"13":{"start":{"line":32,"column":32},"end":{"line":32,"column":null}},"14":{"start":{"line":32,"column":14},"end":{"line":32,"column":null}},"15":{"start":{"line":34,"column":8},"end":{"line":36,"column":null}},"16":{"start":{"line":35,"column":12},"end":{"line":35,"column":76}},"17":{"start":{"line":38,"column":14},"end":{"line":38,"column":38}},"18":{"start":{"line":40,"column":14},"end":{"line":43,"column":11}},"19":{"start":{"line":45,"column":8},"end":{"line":45,"column":31}},"20":{"start":{"line":47,"column":0},"end":{"line":47,"column":null}},"21":{"start":{"line":49,"column":0},"end":{"line":49,"column":39}}},"fnMap":{"0":{"name":"(anonymous_14)","decl":{"start":{"line":19,"column":0},"end":{"line":19,"column":null}},"loc":{"start":{"line":19,"column":0},"end":{"line":47,"column":null}}},"1":{"name":"AuthenticateUserService","decl":{"start":{"line":20,"column":4},"end":{"line":20,"column":24}},"loc":{"start":{"line":20,"column":56},"end":{"line":20,"column":60}}},"2":{"name":"(anonymous_16)","decl":{"start":{"line":22,"column":4},"end":{"line":22,"column":17}},"loc":{"start":{"line":25,"column":15},"end":{"line":46,"column":null}}}},"branchMap":{"0":{"loc":{"start":{"line":26,"column":21},"end":{"line":26,"column":null}},"type":"switch","locations":[{"start":{"line":26,"column":21},"end":{"line":26,"column":null}}]},"1":{"loc":{"start":{"line":28,"column":8},"end":{"line":30,"column":null}},"type":"if","locations":[{"start":{"line":28,"column":8},"end":{"line":30,"column":null}},{"start":{"line":28,"column":8},"end":{"line":30,"column":null}}]},"2":{"loc":{"start":{"line":34,"column":8},"end":{"line":36,"column":null}},"type":"if","locations":[{"start":{"line":34,"column":8},"end":{"line":36,"column":null}},{"start":{"line":34,"column":8},"end":{"line":36,"column":null}}]}},"s":{"0":0,"1":0,"2":0,"3":0,"4":0,"5":0,"6":0,"7":0,"8":0,"9":0,"10":0,"11":0,"12":0,"13":0,"14":0,"15":0,"16":0,"17":0,"18":0,"19":0,"20":0,"21":0},"f":{"0":0,"1":0,"2":0},"b":{"0":[0],"1":[0,0],"2":[0,0]}}
,"/home/dtncordova/Desktop/bootcamp-go-stack/goBarber-backend/src/modules/users/services/CreateUserService.ts": {"path":"/home/dtncordova/Desktop/bootcamp-go-stack/goBarber-backend/src/modules/users/services/CreateUserService.ts","statementMap":{"0":{"start":{"line":1,"column":0},"end":{"line":1,"column":32}},"1":{"start":{"line":3,"column":0},"end":{"line":3,"column":47}},"2":{"start":{"line":13,"column":0},"end":{"line":13,"column":null}},"3":{"start":{"line":14,"column":24},"end":{"line":14,"column":56}},"4":{"start":{"line":16,"column":17},"end":{"line":32,"column":null}},"5":{"start":{"line":16,"column":27},"end":{"line":16,"column":31}},"6":{"start":{"line":16,"column":33},"end":{"line":16,"column":38}},"7":{"start":{"line":16,"column":40},"end":{"line":16,"column":48}},"8":{"start":{"line":17,"column":32},"end":{"line":17,"column":null}},"9":{"start":{"line":17,"column":14},"end":{"line":17,"column":null}},"10":{"start":{"line":19,"column":8},"end":{"line":21,"column":null}},"11":{"start":{"line":20,"column":12},"end":{"line":20,"column":62}},"12":{"start":{"line":23,"column":31},"end":{"line":23,"column":null}},"13":{"start":{"line":23,"column":14},"end":{"line":23,"column":null}},"14":{"start":{"line":25,"column":21},"end":{"line":29,"column":null}},"15":{"start":{"line":25,"column":14},"end":{"line":29,"column":null}},"16":{"start":{"line":31,"column":8},"end":{"line":31,"column":20}},"17":{"start":{"line":33,"column":0},"end":{"line":33,"column":null}},"18":{"start":{"line":35,"column":0},"end":{"line":35,"column":33}}},"fnMap":{"0":{"name":"(anonymous_14)","decl":{"start":{"line":13,"column":0},"end":{"line":13,"column":null}},"loc":{"start":{"line":13,"column":0},"end":{"line":33,"column":null}}},"1":{"name":"CreateUserService","decl":{"start":{"line":14,"column":4},"end":{"line":14,"column":24}},"loc":{"start":{"line":14,"column":56},"end":{"line":14,"column":60}}},"2":{"name":"(anonymous_16)","decl":{"start":{"line":16,"column":4},"end":{"line":16,"column":17}},"loc":{"start":{"line":16,"column":60},"end":{"line":32,"column":null}}}},"branchMap":{"0":{"loc":{"start":{"line":17,"column":32},"end":{"line":17,"column":null}},"type":"switch","locations":[{"start":{"line":17,"column":32},"end":{"line":17,"column":null}}]},"1":{"loc":{"start":{"line":19,"column":8},"end":{"line":21,"column":null}},"type":"if","locations":[{"start":{"line":19,"column":8},"end":{"line":21,"column":null}},{"start":{"line":19,"column":8},"end":{"line":21,"column":null}}]}},"s":{"0":0,"1":0,"2":0,"3":0,"4":0,"5":0,"6":0,"7":0,"8":0,"9":0,"10":0,"11":0,"12":0,"13":0,"14":0,"15":0,"16":0,"17":0,"18":0},"f":{"0":0,"1":0,"2":0},"b":{"0":[0],"1":[0,0]}}
,"/home/dtncordova/Desktop/bootcamp-go-stack/goBarber-backend/src/modules/users/services/UpdateUserAvatarService.ts": {"path":"/home/dtncordova/Desktop/bootcamp-go-stack/goBarber-backend/src/modules/users/services/UpdateUserAvatarService.ts","statementMap":{"0":{"start":{"line":1,"column":0},"end":{"line":1,"column":24}},"1":{"start":{"line":2,"column":0},"end":{"line":2,"column":20}},"2":{"start":{"line":4,"column":0},"end":{"line":4,"column":42}},"3":{"start":{"line":5,"column":0},"end":{"line":5,"column":47}},"4":{"start":{"line":14,"column":0},"end":{"line":14,"column":null}},"5":{"start":{"line":15,"column":24},"end":{"line":15,"column":56}},"6":{"start":{"line":17,"column":17},"end":{"line":45,"column":null}},"7":{"start":{"line":17,"column":27},"end":{"line":17,"column":34}},"8":{"start":{"line":17,"column":36},"end":{"line":17,"column":50}},"9":{"start":{"line":18,"column":21},"end":{"line":18,"column":null}},"10":{"start":{"line":18,"column":14},"end":{"line":18,"column":null}},"11":{"start":{"line":20,"column":8},"end":{"line":25,"column":null}},"12":{"start":{"line":21,"column":12},"end":{"line":24,"column":14}},"13":{"start":{"line":27,"column":12},"end":{"line":27,"column":16}},"14":{"start":{"line":28,"column":18},"end":{"line":31,"column":14}},"15":{"start":{"line":32,"column":41},"end":{"line":34,"column":null}},"16":{"start":{"line":32,"column":18},"end":{"line":34,"column":null}},"17":{"start":{"line":36,"column":16},"end":{"line":36,"column":36}},"18":{"start":{"line":37,"column":16},"end":{"line":37,"column":61}},"19":{"start":{"line":41,"column":8},"end":{"line":41,"column":37}},"20":{"start":{"line":42,"column":8},"end":{"line":42,"column":46}},"21":{"start":{"line":44,"column":8},"end":{"line":44,"column":20}},"22":{"start":{"line":46,"column":0},"end":{"line":46,"column":null}},"23":{"start":{"line":48,"column":0},"end":{"line":48,"column":39}}},"fnMap":{"0":{"name":"(anonymous_14)","decl":{"start":{"line":14,"column":0},"end":{"line":14,"column":null}},"loc":{"start":{"line":14,"column":0},"end":{"line":46,"column":null}}},"1":{"name":"UpdateUserAvatarService","decl":{"start":{"line":15,"column":4},"end":{"line":15,"column":24}},"loc":{"start":{"line":15,"column":56},"end":{"line":15,"column":60}}},"2":{"name":"(anonymous_16)","decl":{"start":{"line":17,"column":4},"end":{"line":17,"column":17}},"loc":{"start":{"line":17,"column":62},"end":{"line":45,"column":null}}}},"branchMap":{"0":{"loc":{"start":{"line":18,"column":21},"end":{"line":18,"column":null}},"type":"switch","locations":[{"start":{"line":18,"column":21},"end":{"line":18,"column":null}}]},"1":{"loc":{"start":{"line":20,"column":8},"end":{"line":25,"column":null}},"type":"if","locations":[{"start":{"line":20,"column":8},"end":{"line":25,"column":null}},{"start":{"line":20,"column":8},"end":{"line":25,"column":null}}]},"2":{"loc":{"start":{"line":27,"column":12},"end":{"line":27,"column":16}},"type":"if","locations":[{"start":{"line":27,"column":12},"end":{"line":27,"column":16}},{"start":{"line":27,"column":12},"end":{"line":27,"column":16}}]},"3":{"loc":{"start":{"line":36,"column":16},"end":{"line":36,"column":36}},"type":"if","locations":[{"start":{"line":36,"column":16},"end":{"line":36,"column":36}},{"start":{"line":36,"column":16},"end":{"line":36,"column":36}}]}},"s":{"0":0,"1":0,"2":0,"3":0,"4":0,"5":0,"6":0,"7":0,"8":0,"9":0,"10":0,"11":0,"12":0,"13":0,"14":0,"15":0,"16":0,"17":0,"18":0,"19":0,"20":0,"21":0,"22":0,"23":0},"f":{"0":0,"1":0,"2":0},"b":{"0":[0],"1":[0,0],"2":[0,0],"3":[0,0]}}
}
